<?xml version="1.0" encoding="UTF-8"?>
<!-- Generated by org.testng.reporters.JUnitReportReporter -->
<testsuite hostname="Cypo" name="UserDaoTest" tests="8" failures="0" timestamp="16 Dec 2016 14:27:45 GMT" time="2.476" errors="0">
  <testcase name="testFindAll" time="0.278" classname="UserDaoTest"/>
  <testcase name="testUpdate" time="0.439" classname="UserDaoTest"/>
  <testcase name="testNullEmail" time="0.311" classname="UserDaoTest"/>
  <testcase name="testCreate" time="0.012" classname="UserDaoTest"/>
  <testcase name="testFindByEmail" time="0.386" classname="UserDaoTest"/>
  <testcase name="testfindById" time="0.252" classname="UserDaoTest"/>
  <testcase name="testcreateFindDelete" time="0.353" classname="UserDaoTest"/>
  <testcase name="testEmailBadPattern" time="0.445" classname="UserDaoTest"/>
</testsuite> <!-- UserDaoTest -->
