<?xml version="1.0" encoding="UTF-8"?>
<!-- Generated by org.testng.reporters.JUnitReportReporter -->
<testsuite hostname="Cypo" name="RentalDaoTest" tests="6" failures="0" timestamp="16 Dec 2016 11:27:18 GMT" time="0.100" errors="0">
  <testcase name="testfindById" time="0.031" classname="RentalDaoTest"/>
  <testcase name="testCreate" time="0.016" classname="RentalDaoTest"/>
  <testcase name="testEquals" time="0.000" classname="RentalDaoTest"/>
  <testcase name="testNullMachine" time="0.000" classname="RentalDaoTest"/>
  <testcase name="testUpdate" time="0.038" classname="RentalDaoTest"/>
  <testcase name="testNullUser" time="0.015" classname="RentalDaoTest"/>
</testsuite> <!-- RentalDaoTest -->
