<?xml version="1.0" encoding="UTF-8"?>
<!-- Generated by org.testng.reporters.JUnitReportReporter -->
<testsuite hostname="Cypo" name="UserDaoTest" tests="9" failures="0" timestamp="16 Dec 2016 11:27:18 GMT" time="7.437" errors="0">
  <testcase name="testfindById" time="0.894" classname="UserDaoTest"/>
  <testcase name="testEmailBadPattern" time="0.870" classname="UserDaoTest"/>
  <testcase name="testNullDateOfJoined" time="1.002" classname="UserDaoTest"/>
  <testcase name="testcreateFindDelete" time="0.923" classname="UserDaoTest"/>
  <testcase name="testCreate" time="0.527" classname="UserDaoTest"/>
  <testcase name="testFindByEmail" time="0.757" classname="UserDaoTest"/>
  <testcase name="testFindAll" time="0.825" classname="UserDaoTest"/>
  <testcase name="testUpdate" time="0.822" classname="UserDaoTest"/>
  <testcase name="testNullEmail" time="0.817" classname="UserDaoTest"/>
</testsuite> <!-- UserDaoTest -->
