<?xml version="1.0" encoding="UTF-8"?>
<!-- Generated by org.testng.reporters.JUnitReportReporter -->
<testsuite hostname="Cypo" name="MachineDaoTest" tests="5" failures="0" timestamp="16 Dec 2016 13:56:00 GMT" time="0.312" errors="0">
  <testcase name="testCreate" time="0.008" classname="MachineDaoTest"/>
  <testcase name="createFindDeleteTest" time="0.205" classname="MachineDaoTest"/>
  <testcase name="testNullName" time="0.017" classname="MachineDaoTest"/>
  <testcase name="testfindById" time="0.010" classname="MachineDaoTest"/>
  <testcase name="testUpdate" time="0.072" classname="MachineDaoTest"/>
</testsuite> <!-- MachineDaoTest -->
