<?xml version="1.0" encoding="UTF-8"?>
<!-- Generated by org.testng.reporters.JUnitReportReporter -->
<testsuite hostname="Cypo" name="MachineDaoTest" tests="6" failures="0" timestamp="16 Dec 2016 11:27:18 GMT" time="0.370" errors="0">
  <testcase name="testfindById" time="0.000" classname="MachineDaoTest"/>
  <testcase name="testUpdate" time="0.016" classname="MachineDaoTest"/>
  <testcase name="testNullDateOfBuy" time="0.022" classname="MachineDaoTest"/>
  <testcase name="testNullName" time="0.000" classname="MachineDaoTest"/>
  <testcase name="testCreate" time="0.000" classname="MachineDaoTest"/>
  <testcase name="createFindDeleteTest" time="0.332" classname="MachineDaoTest"/>
</testsuite> <!-- MachineDaoTest -->
