<?xml version="1.0" encoding="UTF-8"?>
<!-- Generated by org.testng.reporters.JUnitReportReporter -->
<testsuite hostname="Cypo" name="RevisionDaoTest" tests="6" failures="0" timestamp="16 Dec 2016 11:27:18 GMT" time="0.116" errors="0">
  <testcase name="testNullMachine" time="0.015" classname="RevisionDaoTest"/>
  <testcase name="createFindDeleteTest" time="0.054" classname="RevisionDaoTest"/>
  <testcase name="testCreate" time="0.000" classname="RevisionDaoTest"/>
  <testcase name="testUpdate" time="0.031" classname="RevisionDaoTest"/>
  <testcase name="testNullUser" time="0.000" classname="RevisionDaoTest"/>
  <testcase name="testfindById" time="0.016" classname="RevisionDaoTest"/>
</testsuite> <!-- RevisionDaoTest -->
