<?xml version="1.0" encoding="UTF-8"?>
<!-- Generated by org.testng.reporters.JUnitReportReporter -->
<testsuite hostname="Cypo" name="MachineDaoTest" tests="5" failures="0" timestamp="16 Dec 2016 14:20:37 GMT" time="0.282" errors="0">
  <testcase name="testNullName" time="0.032" classname="MachineDaoTest"/>
  <testcase name="createFindDeleteTest" time="0.169" classname="MachineDaoTest"/>
  <testcase name="testUpdate" time="0.000" classname="MachineDaoTest"/>
  <testcase name="testCreate" time="0.081" classname="MachineDaoTest"/>
  <testcase name="testfindById" time="0.000" classname="MachineDaoTest"/>
</testsuite> <!-- MachineDaoTest -->
