<?xml version="1.0" encoding="UTF-8"?>
<!-- Generated by org.testng.reporters.JUnitReportReporter -->
<testsuite hostname="Cypo" name="MachineDaoTest" tests="5" failures="0" timestamp="16 Dec 2016 14:27:45 GMT" time="0.382" errors="0">
  <testcase name="testCreate" time="0.007" classname="MachineDaoTest"/>
  <testcase name="createFindDeleteTest" time="0.245" classname="MachineDaoTest"/>
  <testcase name="testNullName" time="0.020" classname="MachineDaoTest"/>
  <testcase name="testfindById" time="0.015" classname="MachineDaoTest"/>
  <testcase name="testUpdate" time="0.095" classname="MachineDaoTest"/>
</testsuite> <!-- MachineDaoTest -->
