<?xml version="1.0" encoding="UTF-8"?>
<!-- Generated by org.testng.reporters.JUnitReportReporter -->
<testsuite hostname="Cypo" name="UserDaoTest" tests="8" failures="0" timestamp="16 Dec 2016 14:20:37 GMT" time="2.118" errors="0">
  <testcase name="testfindById" time="0.274" classname="UserDaoTest"/>
  <testcase name="testEmailBadPattern" time="0.291" classname="UserDaoTest"/>
  <testcase name="testFindByEmail" time="0.348" classname="UserDaoTest"/>
  <testcase name="testCreate" time="0.316" classname="UserDaoTest"/>
  <testcase name="testFindAll" time="0.031" classname="UserDaoTest"/>
  <testcase name="testNullEmail" time="0.300" classname="UserDaoTest"/>
  <testcase name="testcreateFindDelete" time="0.311" classname="UserDaoTest"/>
  <testcase name="testUpdate" time="0.247" classname="UserDaoTest"/>
</testsuite> <!-- UserDaoTest -->
