<?xml version="1.0" encoding="UTF-8"?>
<!-- Generated by org.testng.reporters.JUnitReportReporter -->
<testsuite hostname="Cypo" name="UserDaoTest" tests="8" failures="0" timestamp="16 Dec 2016 13:56:00 GMT" time="1.865" errors="0">
  <testcase name="testFindAll" time="0.209" classname="UserDaoTest"/>
  <testcase name="testUpdate" time="0.298" classname="UserDaoTest"/>
  <testcase name="testNullEmail" time="0.273" classname="UserDaoTest"/>
  <testcase name="testCreate" time="0.010" classname="UserDaoTest"/>
  <testcase name="testFindByEmail" time="0.310" classname="UserDaoTest"/>
  <testcase name="testfindById" time="0.220" classname="UserDaoTest"/>
  <testcase name="testcreateFindDelete" time="0.265" classname="UserDaoTest"/>
  <testcase name="testEmailBadPattern" time="0.280" classname="UserDaoTest"/>
</testsuite> <!-- UserDaoTest -->
