<?xml version="1.0" encoding="UTF-8"?>
<!-- Generated by org.testng.reporters.JUnitReportReporter -->
<testsuite hostname="Cypo" name="UserDaoTest" tests="8" failures="0" timestamp="16 Dec 2016 15:27:22 GMT" time="1.871" errors="0">
  <testcase name="testfindById" time="0.237" classname="UserDaoTest"/>
  <testcase name="testEmailBadPattern" time="0.245" classname="UserDaoTest"/>
  <testcase name="testFindByEmail" time="0.258" classname="UserDaoTest"/>
  <testcase name="testCreate" time="0.298" classname="UserDaoTest"/>
  <testcase name="testFindAll" time="0.015" classname="UserDaoTest"/>
  <testcase name="testNullEmail" time="0.314" classname="UserDaoTest"/>
  <testcase name="testcreateFindDelete" time="0.299" classname="UserDaoTest"/>
  <testcase name="testUpdate" time="0.205" classname="UserDaoTest"/>
</testsuite> <!-- UserDaoTest -->
